

Started GET "/manager/html" for 64.49.237.231 at 2012-10-31 21:18:29 +0900

ActionController::RoutingError (No route matches [GET] "/manager/html"):
  actionpack (3.2.6) lib/action_dispatch/middleware/debug_exceptions.rb:21:in `call'
  actionpack (3.2.6) lib/action_dispatch/middleware/show_exceptions.rb:56:in `call'
  railties (3.2.6) lib/rails/rack/logger.rb:26:in `call_app'
  railties (3.2.6) lib/rails/rack/logger.rb:16:in `call'
  actionpack (3.2.6) lib/action_dispatch/middleware/request_id.rb:22:in `call'
  rack (1.4.1) lib/rack/methodoverride.rb:21:in `call'
  rack (1.4.1) lib/rack/runtime.rb:17:in `call'
  activesupport (3.2.6) lib/active_support/cache/strategy/local_cache.rb:72:in `call'
  rack (1.4.1) lib/rack/lock.rb:15:in `call'
  rack-cache (1.2) lib/rack/cache/context.rb:136:in `forward'
  rack-cache (1.2) lib/rack/cache/context.rb:245:in `fetch'
  rack-cache (1.2) lib/rack/cache/context.rb:185:in `lookup'
  rack-cache (1.2) lib/rack/cache/context.rb:66:in `call!'
  rack-cache (1.2) lib/rack/cache/context.rb:51:in `call'
  railties (3.2.6) lib/rails/engine.rb:479:in `call'
  railties (3.2.6) lib/rails/application.rb:220:in `call'
  railties (3.2.6) lib/rails/railtie/configurable.rb:30:in `method_missing'
  passenger (3.0.18) lib/phusion_passenger/rack/request_handler.rb:96:in `process_request'
  passenger (3.0.18) lib/phusion_passenger/abstract_request_handler.rb:516:in `accept_and_process_next_request'
  passenger (3.0.18) lib/phusion_passenger/abstract_request_handler.rb:274:in `main_loop'
  passenger (3.0.18) lib/phusion_passenger/rack/application_spawner.rb:206:in `start_request_handler'
  passenger (3.0.18) lib/phusion_passenger/rack/application_spawner.rb:171:in `block in handle_spawn_application'
  passenger (3.0.18) lib/phusion_passenger/utils.rb:470:in `safe_fork'
  passenger (3.0.18) lib/phusion_passenger/rack/application_spawner.rb:166:in `handle_spawn_application'
  passenger (3.0.18) lib/phusion_passenger/abstract_server.rb:357:in `server_main_loop'
  passenger (3.0.18) lib/phusion_passenger/abstract_server.rb:206:in `start_synchronously'
  passenger (3.0.18) lib/phusion_passenger/abstract_server.rb:180:in `start'
  passenger (3.0.18) lib/phusion_passenger/rack/application_spawner.rb:129:in `start'
  passenger (3.0.18) lib/phusion_passenger/spawn_manager.rb:253:in `block (2 levels) in spawn_rack_application'
  passenger (3.0.18) lib/phusion_passenger/abstract_server_collection.rb:132:in `lookup_or_add'
  passenger (3.0.18) lib/phusion_passenger/spawn_manager.rb:246:in `block in spawn_rack_application'
  passenger (3.0.18) lib/phusion_passenger/abstract_server_collection.rb:82:in `block in synchronize'
  <internal:prelude>:10:in `synchronize'
  passenger (3.0.18) lib/phusion_passenger/abstract_server_collection.rb:79:in `synchronize'
  passenger (3.0.18) lib/phusion_passenger/spawn_manager.rb:244:in `spawn_rack_application'
  passenger (3.0.18) lib/phusion_passenger/spawn_manager.rb:137:in `spawn_application'
  passenger (3.0.18) lib/phusion_passenger/spawn_manager.rb:275:in `handle_spawn_application'
  passenger (3.0.18) lib/phusion_passenger/abstract_server.rb:357:in `server_main_loop'
  passenger (3.0.18) lib/phusion_passenger/abstract_server.rb:206:in `start_synchronously'
  passenger (3.0.18) helper-scripts/passenger-spawn-server:99:in `<main>'




Started GET "/" for 67.228.177.167 at 2012-10-31 22:11:37 +0900
Processing by TopController#index as */*
Redirected to http://www.yahoo.co.jp/sessions/new
Filter chain halted as :authorize rendered or redirected
Completed 302 Found in 5ms (ActiveRecord: 0.7ms)


Started GET "/translators.html" for 210.51.38.219 at 2012-11-01 07:30:39 +0900

ActionController::RoutingError (No route matches [GET] "/translators.html"):
  actionpack (3.2.6) lib/action_dispatch/middleware/debug_exceptions.rb:21:in `call'
  actionpack (3.2.6) lib/action_dispatch/middleware/show_exceptions.rb:56:in `call'
  railties (3.2.6) lib/rails/rack/logger.rb:26:in `call_app'
  railties (3.2.6) lib/rails/rack/logger.rb:16:in `call'
  actionpack (3.2.6) lib/action_dispatch/middleware/request_id.rb:22:in `call'
  rack (1.4.1) lib/rack/methodoverride.rb:21:in `call'
  rack (1.4.1) lib/rack/runtime.rb:17:in `call'
  activesupport (3.2.6) lib/active_support/cache/strategy/local_cache.rb:72:in `call'
  rack (1.4.1) lib/rack/lock.rb:15:in `call'
  rack-cache (1.2) lib/rack/cache/context.rb:136:in `forward'
  rack-cache (1.2) lib/rack/cache/context.rb:245:in `fetch'
  rack-cache (1.2) lib/rack/cache/context.rb:185:in `lookup'
  rack-cache (1.2) lib/rack/cache/context.rb:66:in `call!'
  rack-cache (1.2) lib/rack/cache/context.rb:51:in `call'
  railties (3.2.6) lib/rails/engine.rb:479:in `call'
  railties (3.2.6) lib/rails/application.rb:220:in `call'
  railties (3.2.6) lib/rails/railtie/configurable.rb:30:in `method_missing'
  passenger (3.0.18) lib/phusion_passenger/rack/request_handler.rb:96:in `process_request'
  passenger (3.0.18) lib/phusion_passenger/abstract_request_handler.rb:516:in `accept_and_process_next_request'
  passenger (3.0.18) lib/phusion_passenger/abstract_request_handler.rb:274:in `main_loop'
  passenger (3.0.18) lib/phusion_passenger/rack/application_spawner.rb:206:in `start_request_handler'
  passenger (3.0.18) lib/phusion_passenger/rack/application_spawner.rb:171:in `block in handle_spawn_application'
  passenger (3.0.18) lib/phusion_passenger/utils.rb:470:in `safe_fork'
  passenger (3.0.18) lib/phusion_passenger/rack/application_spawner.rb:166:in `handle_spawn_application'
  passenger (3.0.18) lib/phusion_passenger/abstract_server.rb:357:in `server_main_loop'
  passenger (3.0.18) lib/phusion_passenger/abstract_server.rb:206:in `start_synchronously'
  passenger (3.0.18) lib/phusion_passenger/abstract_server.rb:180:in `start'
  passenger (3.0.18) lib/phusion_passenger/rack/application_spawner.rb:129:in `start'
  passenger (3.0.18) lib/phusion_passenger/spawn_manager.rb:253:in `block (2 levels) in spawn_rack_application'
  passenger (3.0.18) lib/phusion_passenger/abstract_server_collection.rb:132:in `lookup_or_add'
  passenger (3.0.18) lib/phusion_passenger/spawn_manager.rb:246:in `block in spawn_rack_application'
  passenger (3.0.18) lib/phusion_passenger/abstract_server_collection.rb:82:in `block in synchronize'
  <internal:prelude>:10:in `synchronize'
  passenger (3.0.18) lib/phusion_passenger/abstract_server_collection.rb:79:in `synchronize'
  passenger (3.0.18) lib/phusion_passenger/spawn_manager.rb:244:in `spawn_rack_application'
  passenger (3.0.18) lib/phusion_passenger/spawn_manager.rb:137:in `spawn_application'
  passenger (3.0.18) lib/phusion_passenger/spawn_manager.rb:275:in `handle_spawn_application'
  passenger (3.0.18) lib/phusion_passenger/abstract_server.rb:357:in `server_main_loop'
  passenger (3.0.18) lib/phusion_passenger/abstract_server.rb:206:in `start_synchronously'
  passenger (3.0.18) helper-scripts/passenger-spawn-server:99:in `<main>'


